<?xml version="1.0" encoding="UTF-8"?>
<!-- Generated by org.testng.reporters.JUnitXMLReporter -->
<testsuite hostname="user-PC" ignored="0" name="ChangeEasyPin" tests="8" failures="2" timestamp="17 Apr 2018 11:07:56 GMT" time="135.877" errors="0">
  <testcase name="Test00_Login_Page" time="12.998" classname="userprofile.ChangeEasyPin"/>
  <testcase name="Test01_After_Login_Page" time="0.361" classname="userprofile.ChangeEasyPin"/>
  <testcase name="Test02_Update_EasyPin_Page" time="4.135" classname="userprofile.ChangeEasyPin"/>
  <testcase name="Test03_Enter_Password_Page" time="4.036" classname="userprofile.ChangeEasyPin"/>
  <testcase name="Test00_Login_Page" time="9.345" classname="userprofile.ChangeEasyPin"/>
  <testcase name="Test02_Update_EasyPin_Page" time="10.657" classname="userprofile.ChangeEasyPin">
    <failure type="org.openqa.selenium.TimeoutException" message="Timed out after 10 seconds waiting for presence of element located by: By.xpath: //*[@text=&amp;apos;Update EasyPIN&amp;apos;] | //*[@text=&amp;apos;Ubah EasyPIN&amp;apos;]
Build info: version: &amp;apos;2.53.1&amp;apos;, revision: &amp;apos;a36b8b1cd5757287168e54b817830adce9b0158d&amp;apos;, time: &amp;apos;2016-06-30 19:26:09&amp;apos;
System info: host: &amp;apos;user-PC&amp;apos;, ip: &amp;apos;192.168.56.1&amp;apos;, os.name: &amp;apos;Windows 7&amp;apos;, os.arch: &amp;apos;amd64&amp;apos;, os.version: &amp;apos;6.1&amp;apos;, java.version: &amp;apos;1.8.0_131&amp;apos;
Driver info: io.appium.java_client.android.AndroidDriver
Capabilities [{appActivity=com.ubyapp.MainActivity, appPackage=com.ubyapp, server:CONFIG_UUID=4848091c-d046-4de3-9c46-91f4622a9026, noReset=true, automationName=uiautomator2, platformName=android, udid=192.168.1.53:6000, deviceName=ASUS_X008DA, platform=ANY, systemPort=7001}]
Session ID: 5e7efc13-55e1-4f2b-bdc0-65721baabee8">
      <![CDATA[org.openqa.selenium.TimeoutException: Timed out after 10 seconds waiting for presence of element located by: By.xpath: //*[@text='Update EasyPIN'] | //*[@text='Ubah EasyPIN']
Build info: version: '2.53.1', revision: 'a36b8b1cd5757287168e54b817830adce9b0158d', time: '2016-06-30 19:26:09'
System info: host: 'user-PC', ip: '192.168.56.1', os.name: 'Windows 7', os.arch: 'amd64', os.version: '6.1', java.version: '1.8.0_131'
Driver info: io.appium.java_client.android.AndroidDriver
Capabilities [{appActivity=com.ubyapp.MainActivity, appPackage=com.ubyapp, server:CONFIG_UUID=4848091c-d046-4de3-9c46-91f4622a9026, noReset=true, automationName=uiautomator2, platformName=android, udid=192.168.1.53:6000, deviceName=ASUS_X008DA, platform=ANY, systemPort=7001}]
Session ID: 5e7efc13-55e1-4f2b-bdc0-65721baabee8
at org.openqa.selenium.support.ui.WebDriverWait.timeoutException(WebDriverWait.java:80)
at org.openqa.selenium.support.ui.FluentWait.until(FluentWait.java:261)
at userprofile.ChangeEasyPin.Test02_Update_EasyPin_Page(ChangeEasyPin.java:89)
at java.util.concurrent.ThreadPoolExecutor.runWorker(ThreadPoolExecutor.java:1142)
at java.util.concurrent.ThreadPoolExecutor$Worker.run(ThreadPoolExecutor.java:617)
at java.lang.Thread.run(Thread.java:748)
Caused by: org.openqa.selenium.NoSuchElementException: An element could not be located on the page using the given search parameters. (WARNING: The server did not provide any stacktrace information)
Command duration or timeout: 162 milliseconds
For documentation on this error, please visit: http://seleniumhq.org/exceptions/no_such_element.html
Build info: version: '2.53.1', revision: 'a36b8b1cd5757287168e54b817830adce9b0158d', time: '2016-06-30 19:26:09'
System info: host: 'user-PC', ip: '192.168.56.1', os.name: 'Windows 7', os.arch: 'amd64', os.version: '6.1', java.version: '1.8.0_131'
Driver info: io.appium.java_client.android.AndroidDriver
Capabilities [{appActivity=com.ubyapp.MainActivity, appPackage=com.ubyapp, server:CONFIG_UUID=4848091c-d046-4de3-9c46-91f4622a9026, noReset=true, automationName=uiautomator2, platformName=android, udid=192.168.1.53:6000, deviceName=ASUS_X008DA, platform=ANY, systemPort=7001}]
Session ID: 5e7efc13-55e1-4f2b-bdc0-65721baabee8
*** Element info: {Using=xpath, value=//*[@text='Update EasyPIN'] | //*[@text='Ubah EasyPIN']}
at org.openqa.selenium.remote.ErrorHandler.createThrowable(ErrorHandler.java:206)
at org.openqa.selenium.remote.ErrorHandler.throwIfResponseFailed(ErrorHandler.java:158)
at org.openqa.selenium.remote.RemoteWebDriver.execute(RemoteWebDriver.java:678)
at io.appium.java_client.DefaultGenericMobileDriver.execute(DefaultGenericMobileDriver.java:40)
at io.appium.java_client.AppiumDriver.execute(AppiumDriver.java:1)
at io.appium.java_client.android.AndroidDriver.execute(AndroidDriver.java:1)
at org.openqa.selenium.remote.RemoteWebDriver.findElement(RemoteWebDriver.java:363)
at io.appium.java_client.DefaultGenericMobileDriver.findElement(DefaultGenericMobileDriver.java:56)
at io.appium.java_client.AppiumDriver.findElement(AppiumDriver.java:1)
at io.appium.java_client.android.AndroidDriver.findElement(AndroidDriver.java:1)
at org.openqa.selenium.remote.RemoteWebDriver.findElementByXPath(RemoteWebDriver.java:500)
at io.appium.java_client.DefaultGenericMobileDriver.findElementByXPath(DefaultGenericMobileDriver.java:134)
at io.appium.java_client.AppiumDriver.findElementByXPath(AppiumDriver.java:1)
at io.appium.java_client.android.AndroidDriver.findElementByXPath(AndroidDriver.java:1)
at org.openqa.selenium.By$ByXPath.findElement(By.java:361)
at org.openqa.selenium.remote.RemoteWebDriver.findElement(RemoteWebDriver.java:355)
at io.appium.java_client.DefaultGenericMobileDriver.findElement(DefaultGenericMobileDriver.java:52)
at io.appium.java_client.AppiumDriver.findElement(AppiumDriver.java:1)
at io.appium.java_client.android.AndroidDriver.findElement(AndroidDriver.java:1)
at org.openqa.selenium.support.ui.ExpectedConditions.findElement(ExpectedConditions.java:899)
at org.openqa.selenium.support.ui.ExpectedConditions.access$000(ExpectedConditions.java:41)
at org.openqa.selenium.support.ui.ExpectedConditions$6.apply(ExpectedConditions.java:181)
at org.openqa.selenium.support.ui.ExpectedConditions$6.apply(ExpectedConditions.java:178)
at org.openqa.selenium.support.ui.FluentWait.until(FluentWait.java:238)
... 14 more
... Removed 13 stack frames]]>
    </failure>
  </testcase> <!-- Test02_Update_EasyPin_Page -->
  <testcase name="Test03_Enter_Password_Page" time="10.414" classname="userprofile.ChangeEasyPin">
    <failure type="org.openqa.selenium.TimeoutException" message="Timed out after 10 seconds waiting for presence of element located by: By.xpath: //*[@text=&amp;apos;Enter current password&amp;apos;] | //*[@text=&amp;apos;Masukkan kata sandi terakhir&amp;apos;] 
Build info: version: &amp;apos;2.53.1&amp;apos;, revision: &amp;apos;a36b8b1cd5757287168e54b817830adce9b0158d&amp;apos;, time: &amp;apos;2016-06-30 19:26:09&amp;apos;
System info: host: &amp;apos;user-PC&amp;apos;, ip: &amp;apos;192.168.56.1&amp;apos;, os.name: &amp;apos;Windows 7&amp;apos;, os.arch: &amp;apos;amd64&amp;apos;, os.version: &amp;apos;6.1&amp;apos;, java.version: &amp;apos;1.8.0_131&amp;apos;
Driver info: io.appium.java_client.android.AndroidDriver
Capabilities [{appActivity=com.ubyapp.MainActivity, appPackage=com.ubyapp, server:CONFIG_UUID=4848091c-d046-4de3-9c46-91f4622a9026, noReset=true, automationName=uiautomator2, platformName=android, udid=192.168.1.53:6000, deviceName=ASUS_X008DA, platform=ANY, systemPort=7001}]
Session ID: 5e7efc13-55e1-4f2b-bdc0-65721baabee8">
      <![CDATA[org.openqa.selenium.TimeoutException: Timed out after 10 seconds waiting for presence of element located by: By.xpath: //*[@text='Enter current password'] | //*[@text='Masukkan kata sandi terakhir'] 
Build info: version: '2.53.1', revision: 'a36b8b1cd5757287168e54b817830adce9b0158d', time: '2016-06-30 19:26:09'
System info: host: 'user-PC', ip: '192.168.56.1', os.name: 'Windows 7', os.arch: 'amd64', os.version: '6.1', java.version: '1.8.0_131'
Driver info: io.appium.java_client.android.AndroidDriver
Capabilities [{appActivity=com.ubyapp.MainActivity, appPackage=com.ubyapp, server:CONFIG_UUID=4848091c-d046-4de3-9c46-91f4622a9026, noReset=true, automationName=uiautomator2, platformName=android, udid=192.168.1.53:6000, deviceName=ASUS_X008DA, platform=ANY, systemPort=7001}]
Session ID: 5e7efc13-55e1-4f2b-bdc0-65721baabee8
at org.openqa.selenium.support.ui.WebDriverWait.timeoutException(WebDriverWait.java:80)
at org.openqa.selenium.support.ui.FluentWait.until(FluentWait.java:261)
at userprofile.ChangeEasyPin.Test03_Enter_Password_Page(ChangeEasyPin.java:103)
at java.util.concurrent.ThreadPoolExecutor.runWorker(ThreadPoolExecutor.java:1142)
at java.util.concurrent.ThreadPoolExecutor$Worker.run(ThreadPoolExecutor.java:617)
at java.lang.Thread.run(Thread.java:748)
Caused by: org.openqa.selenium.NoSuchElementException: An element could not be located on the page using the given search parameters. (WARNING: The server did not provide any stacktrace information)
Command duration or timeout: 122 milliseconds
For documentation on this error, please visit: http://seleniumhq.org/exceptions/no_such_element.html
Build info: version: '2.53.1', revision: 'a36b8b1cd5757287168e54b817830adce9b0158d', time: '2016-06-30 19:26:09'
System info: host: 'user-PC', ip: '192.168.56.1', os.name: 'Windows 7', os.arch: 'amd64', os.version: '6.1', java.version: '1.8.0_131'
Driver info: io.appium.java_client.android.AndroidDriver
Capabilities [{appActivity=com.ubyapp.MainActivity, appPackage=com.ubyapp, server:CONFIG_UUID=4848091c-d046-4de3-9c46-91f4622a9026, noReset=true, automationName=uiautomator2, platformName=android, udid=192.168.1.53:6000, deviceName=ASUS_X008DA, platform=ANY, systemPort=7001}]
Session ID: 5e7efc13-55e1-4f2b-bdc0-65721baabee8
*** Element info: {Using=xpath, value=//*[@text='Enter current password'] | //*[@text='Masukkan kata sandi terakhir'] }
at org.openqa.selenium.remote.ErrorHandler.createThrowable(ErrorHandler.java:206)
at org.openqa.selenium.remote.ErrorHandler.throwIfResponseFailed(ErrorHandler.java:158)
at org.openqa.selenium.remote.RemoteWebDriver.execute(RemoteWebDriver.java:678)
at io.appium.java_client.DefaultGenericMobileDriver.execute(DefaultGenericMobileDriver.java:40)
at io.appium.java_client.AppiumDriver.execute(AppiumDriver.java:1)
at io.appium.java_client.android.AndroidDriver.execute(AndroidDriver.java:1)
at org.openqa.selenium.remote.RemoteWebDriver.findElement(RemoteWebDriver.java:363)
at io.appium.java_client.DefaultGenericMobileDriver.findElement(DefaultGenericMobileDriver.java:56)
at io.appium.java_client.AppiumDriver.findElement(AppiumDriver.java:1)
at io.appium.java_client.android.AndroidDriver.findElement(AndroidDriver.java:1)
at org.openqa.selenium.remote.RemoteWebDriver.findElementByXPath(RemoteWebDriver.java:500)
at io.appium.java_client.DefaultGenericMobileDriver.findElementByXPath(DefaultGenericMobileDriver.java:134)
at io.appium.java_client.AppiumDriver.findElementByXPath(AppiumDriver.java:1)
at io.appium.java_client.android.AndroidDriver.findElementByXPath(AndroidDriver.java:1)
at org.openqa.selenium.By$ByXPath.findElement(By.java:361)
at org.openqa.selenium.remote.RemoteWebDriver.findElement(RemoteWebDriver.java:355)
at io.appium.java_client.DefaultGenericMobileDriver.findElement(DefaultGenericMobileDriver.java:52)
at io.appium.java_client.AppiumDriver.findElement(AppiumDriver.java:1)
at io.appium.java_client.android.AndroidDriver.findElement(AndroidDriver.java:1)
at org.openqa.selenium.support.ui.ExpectedConditions.findElement(ExpectedConditions.java:899)
at org.openqa.selenium.support.ui.ExpectedConditions.access$000(ExpectedConditions.java:41)
at org.openqa.selenium.support.ui.ExpectedConditions$6.apply(ExpectedConditions.java:181)
at org.openqa.selenium.support.ui.ExpectedConditions$6.apply(ExpectedConditions.java:178)
at org.openqa.selenium.support.ui.FluentWait.until(FluentWait.java:238)
... 14 more
... Removed 13 stack frames]]>
    </failure>
  </testcase> <!-- Test03_Enter_Password_Page -->
  <testcase name="Test01_After_Login_Page" time="58.747" classname="userprofile.ChangeEasyPin"/>
</testsuite> <!-- ChangeEasyPin -->
