<?xml version="1.0" encoding="UTF-8"?>
<!-- Generated by org.testng.reporters.JUnitReportReporter -->
<testsuite skipped="14" hostname="user-PC" name="fundtransfer.TransferInbank" tests="15" failures="0" timestamp="11 Okt 2018 09:28:29 GMT" time="1.023" errors="1">
  <testcase name="Test05_Transfer_Inbank_EasyPin_Page" time="0.000" classname="fundtransfer.TransferInbank">
    <skipped/>
  </testcase> <!-- Test05_Transfer_Inbank_EasyPin_Page -->
  <testcase name="Test03_Select_Account_Page" time="0.000" classname="fundtransfer.TransferInbank">
    <skipped/>
  </testcase> <!-- Test03_Select_Account_Page -->
  <testcase name="launch" time="1.023" classname="fundtransfer.TransferInbank">
    <error type="org.openqa.selenium.WebDriverException" message="&lt;!DOCTYPE html&gt;
&lt;html lang=&quot;en&quot;&gt;
&lt;head&gt;
&lt;meta charset=&quot;utf-8&quot;&gt;
&lt;title&gt;Error&lt;/title&gt;
&lt;/head&gt;
&lt;body&gt;
&lt;pre&gt;Error: write EPIPE&lt;br&gt; &amp;nbsp; &amp;nbsp;at _errnoException (util.js:1022:11)&lt;br&gt; &amp;nbsp; &amp;nbsp;at Socket._writeGeneric (net.js:767:25)&lt;br&gt; &amp;nbsp; &amp;nbsp;at Socket._write (net.js:786:8)&lt;br&gt; &amp;nbsp; &amp;nbsp;at doWrite (_stream_writable.js:387:12)&lt;br&gt; &amp;nbsp; &amp;nbsp;at writeOrBuffer (_stream_writable.js:373:5)&lt;br&gt; &amp;nbsp; &amp;nbsp;at Socket.Writable.write (_stream_writable.js:290:11)&lt;br&gt; &amp;nbsp; &amp;nbsp;at Socket.write (net.js:704:40)&lt;br&gt; &amp;nbsp; &amp;nbsp;at exports.Console.Console.log (C:\Users\user.user-PC\AppData\Local\appium-desktop\app-1.5.0\resources\app\node_modules\appium\node_modules\winston\lib\winston\transports\console.js:121:20)&lt;br&gt; &amp;nbsp; &amp;nbsp;at transportLog (C:\Users\user.user-PC\AppData\Local\appium-desktop\app-1.5.0\resources\app\node_modules\appium\node_modules\winston\lib\winston\logger.js:234:15)&lt;br&gt; &amp;nbsp; &amp;nbsp;at C:\Users\user.user-PC\AppData\Local\appium-desktop\app-1.5.0\resources\app\node_modules\appium\node_modules\winston\node_modules\async\lib\async.js:157:13&lt;br&gt; &amp;nbsp; &amp;nbsp;at _each (C:\Users\user.user-PC\AppData\Local\appium-desktop\app-1.5.0\resources\app\node_modules\appium\node_modules\winston\node_modules\async\lib\async.js:57:9)&lt;br&gt; &amp;nbsp; &amp;nbsp;at Object.async.each (C:\Users\user.user-PC\AppData\Local\appium-desktop\app-1.5.0\resources\app\node_modules\appium\node_modules\winston\node_modules\async\lib\async.js:156:9)&lt;br&gt; &amp;nbsp; &amp;nbsp;at exports.Logger.Logger.log (C:\Users\user.user-PC\AppData\Local\appium-desktop\app-1.5.0\resources\app\node_modules\appium\node_modules\winston\lib\winston\logger.js:246:9)&lt;br&gt; &amp;nbsp; &amp;nbsp;at exports.Logger.target.(anonymous function) [as info] (C:\Users\user.user-PC\AppData\Local\appium-desktop\app-1.5.0\resources\app\node_modules\appium\node_modules\winston\lib\winston\common.js:54:18)&lt;br&gt; &amp;nbsp; &amp;nbsp;at EventEmitter.&amp;lt;anonymous&amp;gt; (C:\Users\user.user-PC\AppData\Local\appium-desktop\app-1.5.0\resources\app\node_modules\appium\lib\logsink.js:197:22)&lt;br&gt; &amp;nbsp; &amp;nbsp;at emitOne (events.js:116:13)&lt;br&gt; &amp;nbsp; &amp;nbsp;at EventEmitter.emit (events.js:211:7)&lt;br&gt; &amp;nbsp; &amp;nbsp;at EventEmitter.&amp;lt;anonymous&amp;gt; (C:\Users\user.user-PC\AppData\Local\appium-desktop\app-1.5.0\resources\app\node_modules\appium\node_modules\npmlog\log.js:158:8)&lt;br&gt; &amp;nbsp; &amp;nbsp;at EventEmitter.&amp;lt;anonymous&amp;gt; (C:\Users\user.user-PC\AppData\Local\appium-desktop\app-1.5.0\resources\app\node_modules\appium\node_modules\npmlog\log.js:231:21)&lt;br&gt; &amp;nbsp; &amp;nbsp;at Object.wrappedLogger.(anonymous function) [as info] (C:\Users\user.user-PC\AppData\Local\appium-desktop\app-1.5.0\resources\app\node_modules\appium\node_modules\appium-support\lib\logging.js:61:59)&lt;br&gt; &amp;nbsp; &amp;nbsp;at startLogFormatter.immediate (C:\Users\user.user-PC\AppData\Local\appium-desktop\app-1.5.0\resources\app\node_modules\appium\node_modules\appium-base-driver\lib\express\express-logging.js:50:7)&lt;br&gt; &amp;nbsp; &amp;nbsp;at logRequest (C:\Users\user.user-PC\AppData\Local\appium-desktop\app-1.5.0\resources\app\node_modules\appium\node_modules\morgan\index.js:122:18)&lt;br&gt; &amp;nbsp; &amp;nbsp;at logger (C:\Users\user.user-PC\AppData\Local\appium-desktop\app-1.5.0\resources\app\node_modules\appium\node_modules\morgan\index.js:135:7)&lt;br&gt; &amp;nbsp; &amp;nbsp;at Layer.handle [as handle_request] (C:\Users\user.user-PC\AppData\Local\appium-desktop\app-1.5.0\resources\app\node_modules\appium\node_modules\express\lib\router\layer.js:95:5)&lt;br&gt; &amp;nbsp; &amp;nbsp;at trim_prefix (C:\Users\user.user-PC\AppData\Local\appium-desktop\app-1.5.0\resources\app\node_modules\appium\node_modules\express\lib\router\index.js:317:13)&lt;br&gt; &amp;nbsp; &amp;nbsp;at C:\Users\user.user-PC\AppData\Local\appium-desktop\app-1.5.0\resources\app\node_modules\appium\node_modules\express\lib\router\index.js:284:7&lt;br&gt; &amp;nbsp; &amp;nbsp;at Function.process_params (C:\Users\user.user-PC\AppData\Local\appium-desktop\app-1.5.0\resources\app\node_modules\appium\node_modules\express\lib\router\index.js:335:12)&lt;br&gt; &amp;nbsp; &amp;nbsp;at next (C:\Users\user.user-PC\AppData\Local\appium-desktop\app-1.5.0\resources\app\node_modules\appium\node_modules\express\lib\router\index.js:275:10)&lt;br&gt; &amp;nbsp; &amp;nbsp;at C:\Users\user.user-PC\AppData\Local\appium-desktop\app-1.5.0\resources\app\node_modules\appium\node_modules\body-parser\lib\read.js:130:5&lt;br&gt; &amp;nbsp; &amp;nbsp;at invokeCallback (C:\Users\user.user-PC\AppData\Local\appium-desktop\app-1.5.0\resources\app\node_modules\appium\node_modules\raw-body\index.js:224:16)&lt;br&gt; &amp;nbsp; &amp;nbsp;at done (C:\Users\user.user-PC\AppData\Local\appium-desktop\app-1.5.0\resources\app\node_modules\appium\node_modules\raw-body\index.js:213:7)&lt;br&gt; &amp;nbsp; &amp;nbsp;at IncomingMessage.onEnd (C:\Users\user.user-PC\AppData\Local\appium-desktop\app-1.5.0\resources\app\node_modules\appium\node_modules\raw-body\index.js:273:7)&lt;br&gt; &amp;nbsp; &amp;nbsp;at emitNone (events.js:106:13)&lt;br&gt; &amp;nbsp; &amp;nbsp;at IncomingMessage.emit (events.js:208:7)&lt;br&gt; &amp;nbsp; &amp;nbsp;at endReadableNT (_stream_readable.js:1055:12)&lt;br&gt; &amp;nbsp; &amp;nbsp;at _combinedTickCallback (internal/process/next_tick.js:138:11)&lt;br&gt; &amp;nbsp; &amp;nbsp;at process._tickCallback (internal/process/next_tick.js:180:9)&lt;/pre&gt;
&lt;/body&gt;
&lt;/html&gt;
Command duration or timeout: 184 milliseconds
Build info: version: &#039;2.53.1&#039;, revision: &#039;a36b8b1cd5757287168e54b817830adce9b0158d&#039;, time: &#039;2016-06-30 19:26:09&#039;
System info: host: &#039;user-PC&#039;, ip: &#039;192.168.56.1&#039;, os.name: &#039;Windows 7&#039;, os.arch: &#039;amd64&#039;, os.version: &#039;6.1&#039;, java.version: &#039;1.8.0_131&#039;
Driver info: io.appium.java_client.android.AndroidDriver">
      <![CDATA[org.openqa.selenium.WebDriverException: <!DOCTYPE html>
<html lang="en">
<head>
<meta charset="utf-8">
<title>Error</title>
</head>
<body>
<pre>Error: write EPIPE<br> &nbsp; &nbsp;at _errnoException (util.js:1022:11)<br> &nbsp; &nbsp;at Socket._writeGeneric (net.js:767:25)<br> &nbsp; &nbsp;at Socket._write (net.js:786:8)<br> &nbsp; &nbsp;at doWrite (_stream_writable.js:387:12)<br> &nbsp; &nbsp;at writeOrBuffer (_stream_writable.js:373:5)<br> &nbsp; &nbsp;at Socket.Writable.write (_stream_writable.js:290:11)<br> &nbsp; &nbsp;at Socket.write (net.js:704:40)<br> &nbsp; &nbsp;at exports.Console.Console.log (C:\Users\user.user-PC\AppData\Local\appium-desktop\app-1.5.0\resources\app\node_modules\appium\node_modules\winston\lib\winston\transports\console.js:121:20)<br> &nbsp; &nbsp;at transportLog (C:\Users\user.user-PC\AppData\Local\appium-desktop\app-1.5.0\resources\app\node_modules\appium\node_modules\winston\lib\winston\logger.js:234:15)<br> &nbsp; &nbsp;at C:\Users\user.user-PC\AppData\Local\appium-desktop\app-1.5.0\resources\app\node_modules\appium\node_modules\winston\node_modules\async\lib\async.js:157:13<br> &nbsp; &nbsp;at _each (C:\Users\user.user-PC\AppData\Local\appium-desktop\app-1.5.0\resources\app\node_modules\appium\node_modules\winston\node_modules\async\lib\async.js:57:9)<br> &nbsp; &nbsp;at Object.async.each (C:\Users\user.user-PC\AppData\Local\appium-desktop\app-1.5.0\resources\app\node_modules\appium\node_modules\winston\node_modules\async\lib\async.js:156:9)<br> &nbsp; &nbsp;at exports.Logger.Logger.log (C:\Users\user.user-PC\AppData\Local\appium-desktop\app-1.5.0\resources\app\node_modules\appium\node_modules\winston\lib\winston\logger.js:246:9)<br> &nbsp; &nbsp;at exports.Logger.target.(anonymous function) [as info] (C:\Users\user.user-PC\AppData\Local\appium-desktop\app-1.5.0\resources\app\node_modules\appium\node_modules\winston\lib\winston\common.js:54:18)<br> &nbsp; &nbsp;at EventEmitter.&lt;anonymous&gt; (C:\Users\user.user-PC\AppData\Local\appium-desktop\app-1.5.0\resources\app\node_modules\appium\lib\logsink.js:197:22)<br> &nbsp; &nbsp;at emitOne (events.js:116:13)<br> &nbsp; &nbsp;at EventEmitter.emit (events.js:211:7)<br> &nbsp; &nbsp;at EventEmitter.&lt;anonymous&gt; (C:\Users\user.user-PC\AppData\Local\appium-desktop\app-1.5.0\resources\app\node_modules\appium\node_modules\npmlog\log.js:158:8)<br> &nbsp; &nbsp;at EventEmitter.&lt;anonymous&gt; (C:\Users\user.user-PC\AppData\Local\appium-desktop\app-1.5.0\resources\app\node_modules\appium\node_modules\npmlog\log.js:231:21)<br> &nbsp; &nbsp;at Object.wrappedLogger.(anonymous function) [as info] (C:\Users\user.user-PC\AppData\Local\appium-desktop\app-1.5.0\resources\app\node_modules\appium\node_modules\appium-support\lib\logging.js:61:59)<br> &nbsp; &nbsp;at startLogFormatter.immediate (C:\Users\user.user-PC\AppData\Local\appium-desktop\app-1.5.0\resources\app\node_modules\appium\node_modules\appium-base-driver\lib\express\express-logging.js:50:7)<br> &nbsp; &nbsp;at logRequest (C:\Users\user.user-PC\AppData\Local\appium-desktop\app-1.5.0\resources\app\node_modules\appium\node_modules\morgan\index.js:122:18)<br> &nbsp; &nbsp;at logger (C:\Users\user.user-PC\AppData\Local\appium-desktop\app-1.5.0\resources\app\node_modules\appium\node_modules\morgan\index.js:135:7)<br> &nbsp; &nbsp;at Layer.handle [as handle_request] (C:\Users\user.user-PC\AppData\Local\appium-desktop\app-1.5.0\resources\app\node_modules\appium\node_modules\express\lib\router\layer.js:95:5)<br> &nbsp; &nbsp;at trim_prefix (C:\Users\user.user-PC\AppData\Local\appium-desktop\app-1.5.0\resources\app\node_modules\appium\node_modules\express\lib\router\index.js:317:13)<br> &nbsp; &nbsp;at C:\Users\user.user-PC\AppData\Local\appium-desktop\app-1.5.0\resources\app\node_modules\appium\node_modules\express\lib\router\index.js:284:7<br> &nbsp; &nbsp;at Function.process_params (C:\Users\user.user-PC\AppData\Local\appium-desktop\app-1.5.0\resources\app\node_modules\appium\node_modules\express\lib\router\index.js:335:12)<br> &nbsp; &nbsp;at next (C:\Users\user.user-PC\AppData\Local\appium-desktop\app-1.5.0\resources\app\node_modules\appium\node_modules\express\lib\router\index.js:275:10)<br> &nbsp; &nbsp;at C:\Users\user.user-PC\AppData\Local\appium-desktop\app-1.5.0\resources\app\node_modules\appium\node_modules\body-parser\lib\read.js:130:5<br> &nbsp; &nbsp;at invokeCallback (C:\Users\user.user-PC\AppData\Local\appium-desktop\app-1.5.0\resources\app\node_modules\appium\node_modules\raw-body\index.js:224:16)<br> &nbsp; &nbsp;at done (C:\Users\user.user-PC\AppData\Local\appium-desktop\app-1.5.0\resources\app\node_modules\appium\node_modules\raw-body\index.js:213:7)<br> &nbsp; &nbsp;at IncomingMessage.onEnd (C:\Users\user.user-PC\AppData\Local\appium-desktop\app-1.5.0\resources\app\node_modules\appium\node_modules\raw-body\index.js:273:7)<br> &nbsp; &nbsp;at emitNone (events.js:106:13)<br> &nbsp; &nbsp;at IncomingMessage.emit (events.js:208:7)<br> &nbsp; &nbsp;at endReadableNT (_stream_readable.js:1055:12)<br> &nbsp; &nbsp;at _combinedTickCallback (internal/process/next_tick.js:138:11)<br> &nbsp; &nbsp;at process._tickCallback (internal/process/next_tick.js:180:9)</pre>
</body>
</html>
Command duration or timeout: 184 milliseconds
Build info: version: '2.53.1', revision: 'a36b8b1cd5757287168e54b817830adce9b0158d', time: '2016-06-30 19:26:09'
System info: host: 'user-PC', ip: '192.168.56.1', os.name: 'Windows 7', os.arch: 'amd64', os.version: '6.1', java.version: '1.8.0_131'
Driver info: io.appium.java_client.android.AndroidDriver
at sun.reflect.NativeConstructorAccessorImpl.newInstance0(Native Method)
at sun.reflect.NativeConstructorAccessorImpl.newInstance(NativeConstructorAccessorImpl.java:62)
at sun.reflect.DelegatingConstructorAccessorImpl.newInstance(DelegatingConstructorAccessorImpl.java:45)
at java.lang.reflect.Constructor.newInstance(Constructor.java:423)
at org.openqa.selenium.remote.ErrorHandler.createThrowable(ErrorHandler.java:206)
at org.openqa.selenium.remote.ErrorHandler.throwIfResponseFailed(ErrorHandler.java:158)
at org.openqa.selenium.remote.RemoteWebDriver.execute(RemoteWebDriver.java:678)
at io.appium.java_client.DefaultGenericMobileDriver.execute(DefaultGenericMobileDriver.java:40)
at io.appium.java_client.AppiumDriver.execute(AppiumDriver.java:1)
at io.appium.java_client.android.AndroidDriver.execute(AndroidDriver.java:1)
at org.openqa.selenium.remote.RemoteWebDriver.startSession(RemoteWebDriver.java:249)
at org.openqa.selenium.remote.RemoteWebDriver.<init>(RemoteWebDriver.java:131)
at org.openqa.selenium.remote.RemoteWebDriver.<init>(RemoteWebDriver.java:144)
at io.appium.java_client.DefaultGenericMobileDriver.<init>(DefaultGenericMobileDriver.java:36)
at io.appium.java_client.AppiumDriver.<init>(AppiumDriver.java:114)
at io.appium.java_client.AppiumDriver.<init>(AppiumDriver.java:132)
at io.appium.java_client.android.AndroidDriver.<init>(AndroidDriver.java:92)
at framework.DeviceSetup.<init>(DeviceSetup.java:28)
at fundtransfer.TransferInbank.launch(TransferInbank.java:80)
at sun.reflect.NativeMethodAccessorImpl.invoke0(Native Method)
at sun.reflect.NativeMethodAccessorImpl.invoke(NativeMethodAccessorImpl.java:62)
at sun.reflect.DelegatingMethodAccessorImpl.invoke(DelegatingMethodAccessorImpl.java:43)
at java.lang.reflect.Method.invoke(Method.java:498)
at org.testng.internal.MethodInvocationHelper.invokeMethod(MethodInvocationHelper.java:124)
at org.testng.internal.MethodInvocationHelper.invokeMethodConsideringTimeout(MethodInvocationHelper.java:59)
at org.testng.internal.Invoker.invokeConfigurationMethod(Invoker.java:455)
at org.testng.internal.Invoker.invokeConfigurations(Invoker.java:222)
at org.testng.internal.Invoker.invokeConfigurations(Invoker.java:142)
at org.testng.internal.TestMethodWorker.invokeBeforeClassMethods(TestMethodWorker.java:168)
at org.testng.internal.TestMethodWorker.run(TestMethodWorker.java:105)
at java.util.concurrent.ThreadPoolExecutor.runWorker(ThreadPoolExecutor.java:1142)
at java.util.concurrent.ThreadPoolExecutor$Worker.run(ThreadPoolExecutor.java:617)
at java.lang.Thread.run(Thread.java:748)
]]>
    </error>
  </testcase> <!-- launch -->
  <testcase name="Test03_Select_Account_Page" time="0.000" classname="fundtransfer.TransferInbank">
    <skipped/>
  </testcase> <!-- Test03_Select_Account_Page -->
  <testcase name="Test05_Transfer_Inbank_EasyPin_Page" time="0.000" classname="fundtransfer.TransferInbank">
    <skipped/>
  </testcase> <!-- Test05_Transfer_Inbank_EasyPin_Page -->
  <testcase name="Test00_Login" time="0.000" classname="fundtransfer.TransferInbank">
    <skipped/>
  </testcase> <!-- Test00_Login -->
  <testcase name="Test06_Transfer_Inbank_Result_Page" time="0.000" classname="fundtransfer.TransferInbank">
    <skipped/>
  </testcase> <!-- Test06_Transfer_Inbank_Result_Page -->
  <testcase name="Test04_Summary_Page" time="0.000" classname="fundtransfer.TransferInbank">
    <skipped/>
  </testcase> <!-- Test04_Summary_Page -->
  <testcase name="Test01_After_Login_Page" time="0.000" classname="fundtransfer.TransferInbank">
    <skipped/>
  </testcase> <!-- Test01_After_Login_Page -->
  <testcase name="Test02_Select_Payee_Page" time="0.000" classname="fundtransfer.TransferInbank">
    <skipped/>
  </testcase> <!-- Test02_Select_Payee_Page -->
  <testcase name="Test00_Login" time="0.000" classname="fundtransfer.TransferInbank">
    <skipped/>
  </testcase> <!-- Test00_Login -->
  <testcase name="Test04_Summary_Page" time="0.000" classname="fundtransfer.TransferInbank">
    <skipped/>
  </testcase> <!-- Test04_Summary_Page -->
  <testcase name="Test06_Transfer_Inbank_Result_Page" time="0.000" classname="fundtransfer.TransferInbank">
    <skipped/>
  </testcase> <!-- Test06_Transfer_Inbank_Result_Page -->
  <testcase name="Test01_After_Login_Page" time="0.000" classname="fundtransfer.TransferInbank">
    <skipped/>
  </testcase> <!-- Test01_After_Login_Page -->
  <testcase name="Test02_Select_Payee_Page" time="0.000" classname="fundtransfer.TransferInbank">
    <skipped/>
  </testcase> <!-- Test02_Select_Payee_Page -->
</testsuite> <!-- fundtransfer.TransferInbank -->
